<?xml version="1.0" encoding="UTF-8"?>
<!-- Generated by org.testng.reporters.JUnitReportReporter -->
<testsuite hostname="Aishwarya" failures="0" tests="1" name="designpatternseleniumjava.tests.UITest" time="0.706" errors="0" timestamp="2024-12-10T20:32:48 GMT" skipped="0">
  <testcase classname="designpatternseleniumjava.tests.UITest" name="uiTest" time="0.706"/>
</testsuite> <!-- designpatternseleniumjava.tests.UITest -->
