<?xml version="1.0" encoding="UTF-8"?>
<!-- Generated by org.testng.reporters.JUnitReportReporter -->
<testsuite hostname="Aishwarya" failures="0" tests="2" name="designpatternseleniumjava.tests.MultiTripTest" time="78.563" errors="0" timestamp="2024-12-10T20:32:48 GMT" skipped="0">
  <testcase classname="designpatternseleniumjava.tests.MultiTripTest" name="flightTest" time="37.672"/>
  <testcase classname="designpatternseleniumjava.tests.MultiTripTest" name="flightTest" time="40.891"/>
</testsuite> <!-- designpatternseleniumjava.tests.MultiTripTest -->
