<?xml version="1.0" encoding="UTF-8"?>
<!-- Generated by org.testng.reporters.JUnitReportReporter -->
<testsuite hostname="Aishwarya" failures="0" tests="1" name="designpatternseleniumjava.tests.DemoTest" time="57.990" errors="0" timestamp="2024-11-28T00:16:51 GMT" skipped="0">
  <testcase classname="designpatternseleniumjava.tests.DemoTest" name="flightTest" time="57.990"/>
</testsuite> <!-- designpatternseleniumjava.tests.DemoTest -->
