<?xml version="1.0" encoding="UTF-8"?>
<!-- Generated by org.testng.reporters.JUnitReportReporter -->
<testsuite hostname="Aishwarya" failures="0" tests="8" name="designpatternseleniumjava.tests.E2ETest" time="127.056" errors="0" timestamp="2024-12-10T20:32:48 GMT" skipped="0">
  <testcase classname="designpatternseleniumjava.tests.E2ETest" name="oneWay" time="9.371"/>
  <testcase classname="designpatternseleniumjava.tests.E2ETest" name="roundTrip" time="9.279"/>
  <testcase classname="designpatternseleniumjava.tests.E2ETest" name="oneWay" time="9.991"/>
  <testcase classname="designpatternseleniumjava.tests.E2ETest" name="multiTrip" time="36.708"/>
  <testcase classname="designpatternseleniumjava.tests.E2ETest" name="multiTrip" time="36.840"/>
  <testcase classname="designpatternseleniumjava.tests.E2ETest" name="UITest" time="5.055"/>
  <testcase classname="designpatternseleniumjava.tests.E2ETest" name="roundTrip" time="9.286"/>
  <testcase classname="designpatternseleniumjava.tests.E2ETest" name="roundTrip" time="10.526"/>
</testsuite> <!-- designpatternseleniumjava.tests.E2ETest -->
