<?xml version="1.0" encoding="UTF-8"?>
<!-- Generated by org.testng.reporters.JUnitReportReporter -->
<testsuite hostname="Aishwarya" failures="0" tests="3" name="designpatternseleniumjava.tests.RoundTripTest" time="30.037" errors="0" timestamp="2024-12-10T20:32:48 GMT" skipped="0">
  <testcase classname="designpatternseleniumjava.tests.RoundTripTest" name="flightTest" time="10.811"/>
  <testcase classname="designpatternseleniumjava.tests.RoundTripTest" name="flightTest" time="9.296"/>
  <testcase classname="designpatternseleniumjava.tests.RoundTripTest" name="flightTest" time="9.930"/>
</testsuite> <!-- designpatternseleniumjava.tests.RoundTripTest -->
