<?xml version="1.0" encoding="UTF-8"?>
<!-- Generated by org.testng.reporters.JUnitReportReporter -->
<testsuite hostname="Aishwarya" failures="0" tests="2" name="designpatternseleniumjava.tests.OneWayTest" time="22.934" errors="0" timestamp="2024-12-10T20:32:48 GMT" skipped="0">
  <testcase classname="designpatternseleniumjava.tests.OneWayTest" name="flightTest" time="13.080"/>
  <testcase classname="designpatternseleniumjava.tests.OneWayTest" name="flightTest" time="9.854"/>
</testsuite> <!-- designpatternseleniumjava.tests.OneWayTest -->
