<?xml version="1.0" encoding="UTF-8"?>
<!-- Generated by org.testng.reporters.JUnitReportReporter -->
<testsuite hostname="Aishwarya" failures="0" tests="1" name="DemoTest" time="8.608" errors="0" timestamp="2024-11-23T23:18:53 GMT" skipped="0">
  <testcase classname="DemoTest" name="flightTest" time="8.608"/>
</testsuite> <!-- DemoTest -->
